Input Notebook:  ./notebooks/G05_full_analysis.ipynb
Output Notebook: ./results/notebooks/G05_executed_20260310_105637.ipynb
Passed unknown parameter: MODE
Input notebook does not contain a cell with tag 'parameters'
Executing notebook with kernel: python3
Executing Cell 1---------------------------------------
Ending Cell 1------------------------------------------
Executing Cell 2---------------------------------------
Ending Cell 2------------------------------------------
Executing Cell 3---------------------------------------
Ending Cell 3------------------------------------------
Executing Cell 4---------------------------------------
\U0001f4c1 Racine projet   : C:\Users\Ultra Tech\Desktop\audrey\ML OPTIMISATION
\U0001f4c2 Dossier courant : C:\Users\Ultra Tech\Desktop\audrey\ML OPTIMISATION


\u2705 Versions installées :
   torch        : 2.2.2+cpu
   transformers : 4.57.3
   datasets     : 4.4.2
   sklearn      : 1.8.0
   Device       : \U0001f535 CPU

Ending Cell 4------------------------------------------
Traceback (most recent call last):
  File "<frozen runpy>", line 198, in _run_module_as_main
  File "<frozen runpy>", line 88, in _run_code
  File "C:\Users\Ultra Tech\anaconda3\envs\tf_env_conv\Scripts\papermill.exe\__main__.py", line 6, in <module>
  File "C:\Users\Ultra Tech\anaconda3\envs\tf_env_conv\Lib\site-packages\click\core.py", line 1485, in __call__
    return self.main(*args, **kwargs)
           ^^^^^^^^^^^^^^^^^^^^^^^^^^
  File "C:\Users\Ultra Tech\anaconda3\envs\tf_env_conv\Lib\site-packages\click\core.py", line 1406, in main
    rv = self.invoke(ctx)
         ^^^^^^^^^^^^^^^^
  File "C:\Users\Ultra Tech\anaconda3\envs\tf_env_conv\Lib\site-packages\click\core.py", line 1269, in invoke
    return ctx.invoke(self.callback, **ctx.params)
           ^^^^^^^^^^^^^^^^^^^^^^^^^^^^^^^^^^^^^^^
  File "C:\Users\Ultra Tech\anaconda3\envs\tf_env_conv\Lib\site-packages\click\core.py", line 824, in invoke
    return callback(*args, **kwargs)
           ^^^^^^^^^^^^^^^^^^^^^^^^^
  File "C:\Users\Ultra Tech\anaconda3\envs\tf_env_conv\Lib\site-packages\click\decorators.py", line 34, in new_func
    return f(get_current_context(), *args, **kwargs)
           ^^^^^^^^^^^^^^^^^^^^^^^^^^^^^^^^^^^^^^^^^
  File "C:\Users\Ultra Tech\anaconda3\envs\tf_env_conv\Lib\site-packages\papermill\cli.py", line 235, in papermill
    execute_notebook(
  File "C:\Users\Ultra Tech\anaconda3\envs\tf_env_conv\Lib\site-packages\papermill\execute.py", line 131, in execute_notebook
    raise_for_execution_errors(nb, output_path)
  File "C:\Users\Ultra Tech\anaconda3\envs\tf_env_conv\Lib\site-packages\papermill\execute.py", line 251, in raise_for_execution_errors
    raise error
papermill.exceptions.PapermillExecutionError: 
---------------------------------------------------------------------------
Exception encountered at "In [2]":
---------------------------------------------------------------------------
ModuleNotFoundError                       Traceback (most recent call last)
Cell In[2], line 49
     46 print(f"   Device       : {'\U0001f7e2 GPU — ' + torch.cuda.get_device_name(0) if torch.cuda.is_available() else '\U0001f535 CPU'}")
     48 # \u2500\u2500 Imports projet \u2500\u2500
---> 49 from src.config import get_config
     50 from src.data_loader import prepare_data, get_dataloader, set_seed, load_ag_news_raw
     51 from src.model_setup import load_fresh_model, build_optimizer, build_scheduler

ModuleNotFoundError: No module named 'src'

